<?xml version="1.0" encoding="UTF-8"?>
<testsuite name="application.core.StockAssetTest" tests="6" skipped="0" failures="0" errors="0" timestamp="2020-07-01T17:24:07" hostname="mac-s0132801.fritz.box" time="0.025">
  <properties/>
  <testcase name="when_stock_point_is_missing_then_last_point_is_used" classname="application.core.StockAssetTest" time="0.021"/>
  <testcase name="when_buys_are_added_then_all_amounts_are_correctly" classname="application.core.StockAssetTest" time="0.0"/>
  <testcase name="when_buys_are_added_then_costs_are_correct" classname="application.core.StockAssetTest" time="0.0"/>
  <testcase name="when_at_day_was_buy_then_get_day_without_buy_is_correct" classname="application.core.StockAssetTest" time="0.0"/>
  <testcase name="when_at_day_was_buy_then_get_day_with_buy_is_correct" classname="application.core.StockAssetTest" time="0.0"/>
  <testcase name="when_three_buys_are_added_then_the_first_is_returned" classname="application.core.StockAssetTest" time="0.001"/>
  <system-out><![CDATA[Add:  2001-01-02
Add:  2001-01-02
Add:  2001-01-05
Add:  2001-01-04
Add:  2001-01-03
Add:  2001-01-01
Add:  2001-01-02
Add:  2001-01-04
Add:  2000-12-30
Add:  2000-12-31
Add:  2000-12-30
Add:  2000-12-31
Add:  2002-12-31
Add:  2000-12-31
Add:  2001-12-31
]]></system-out>
  <system-err><![CDATA[]]></system-err>
</testsuite>
